[0.050s] Invoking command in '/home/ram/Documents/ros2/build/basic_description': /usr/bin/cmake --build /home/ram/Documents/ros2/build/basic_description -- -j4 -l4
[0.105s] -- Found ament_cmake: 1.3.11 (/opt/ros/humble/share/ament_cmake/cmake)
[0.505s] Traceback (most recent call last):
[0.505s]   File "/opt/ros/humble/share/ament_cmake_core/cmake/package_templates/templates_2_cmake.py", line 21, in <module>
[0.506s]     from ament_package.templates import get_environment_hook_template_path
[0.506s] ModuleNotFoundError: No module named 'ament_package'
[0.536s] [31mCMake Error at /opt/ros/humble/share/ament_cmake_core/cmake/ament_cmake_package_templates-extras.cmake:41 (message):
[0.537s]   execute_process(/usr/bin/python3
[0.537s]   /opt/ros/humble/share/ament_cmake_core/cmake/package_templates/templates_2_cmake.py
[0.537s]   /home/ram/Documents/ros2/build/basic_description/ament_cmake_package_templates/templates.cmake)
[0.537s]   returned error code 1
[0.538s] Call Stack (most recent call first):
[0.538s]   /opt/ros/humble/share/ament_cmake_core/cmake/ament_cmake_coreConfig.cmake:41 (include)
[0.539s]   /opt/ros/humble/share/ament_cmake/cmake/ament_cmake_export_dependencies-extras.cmake:15 (find_package)
[0.539s]   /opt/ros/humble/share/ament_cmake/cmake/ament_cmakeConfig.cmake:41 (include)
[0.540s]   CMakeLists.txt:10 (find_package)
[0.540s] 
[0.540s] [0m
[0.540s] -- Configuring incomplete, errors occurred!
[0.541s] See also "/home/ram/Documents/ros2/build/basic_description/CMakeFiles/CMakeOutput.log".
[0.543s] gmake: *** [Makefile:226: cmake_check_build_system] Error 1
[0.589s] Invoked command in '/home/ram/Documents/ros2/build/basic_description' returned '2': /usr/bin/cmake --build /home/ram/Documents/ros2/build/basic_description -- -j4 -l4
